
> @figma/my-make-file@0.0.1 build-storybook
> storybook build --output-dir=/var/folders/jx/t7384c913ls0p87bf4drpd1r0000gn/T/chromatic--74383-7VfDTiGTvxuP


[90m┌[39m  Building storybook v10.2.19
[90m│[39m
[32m◇[39m  Cleaning outputDir:
[90m│[39m  [36m../../../../../var/folders/jx/t7384c913ls0p87bf4drpd1r0000gn/T/chromatic--74383-7VfDTiGTvxuP[39m
[90m│[39m
[32m◇[39m  Loading presets
[90m│[39m
[32m◇[39m  Building manager..
[90m│[39m
[33m▲[39m  unable to find package.json for @mui/icons-material
[90m│[39m
[34m●[39m  Building preview..
[90m│[39m  [43mVite[49m [36mvite v6.4.1 [32mbuilding for production...[36m[39m
[90m│[39m  [43mVite[49m transforming...
[90m│[39m  [43mVite[49m [32m✓[39m 2288 modules transformed.
[90m│[39m  [43mVite[49m rendering chunks...
[90m│[39m  [43mVite[49m computing gzip size...
[90m│[39m  [43mVite[49m
[90m│[39m  [2m../../../../../var/folders/jx/t7384c913ls0p87bf4drpd1r0000gn/T/chromatic--74383-7VfDTiGTvxuP/[22m[32miframe.html[39m[1m[2m[22m
[90m│[39m  [2m18.58 kB[22m[1m[22m[2m │ gzip:   5.23 kB[22m
[90m│[39m  [43mVite[49m
[90m│[39m  [2m../../../../../var/folders/jx/t7384c913ls0p87bf4drpd1r0000gn/T/chromatic--74383-7VfDTiGTvxuP/[22m[2massets/[22m[35mTacticalMap-CwIg1m_Z.css[39m[1m[2m[22m
[90m│[39m  [2m35.60 kB[22m[1m[22m[2m │ gzip:   4.80 kB[22m
[90m│[39m  [43mVite[49m
[90m│[39m  [2m../../../../../var/folders/jx/t7384c913ls0p87bf4drpd1r0000gn/T/chromatic--74383-7VfDTiGTvxuP/[22m[2massets/[22m[35miframe-CNTw3Pdu.css[39m[1m[2m[22m
[90m│[39m  [2m142.70 kB[22m[1m[22m[2m │ gzip:  21.97 kB[22m
[90m│[39m  [43mVite[49m
[90m│[39m  [2m../../../../../var/folders/jx/t7384c913ls0p87bf4drpd1r0000gn/T/chromatic--74383-7VfDTiGTvxuP/[22m[2massets/[22m[36mformatter-EIJCOSYU-BeeCRpyD.js[39m[1m[2m[22m
[90m│[39m  [2m0.21 kB[22m[1m[22m[2m │ gzip:   0.18 kB[22m
[90m│[39m  [43mVite[49m
[90m│[39m  [2m../../../../../var/folders/jx/t7384c913ls0p87bf4drpd1r0000gn/T/chromatic--74383-7VfDTiGTvxuP/[22m[2massets/[22m[36mcheck-A_C9LnQy.js[39m[1m[2m[22m
[90m│[39m  [2m0.30 kB[22m[1m[22m[2m │ gzip:   0.25 kB[22m
[90m│[39m  [43mVite[49m
[90m│[39m  [2m../../../../../var/folders/jx/t7384c913ls0p87bf4drpd1r0000gn/T/chromatic--74383-7VfDTiGTvxuP/[22m[2massets/[22m[36mchevron-down-D1S8qZIv.js[39m[1m[2m[22m
[90m│[39m  [2m0.31 kB[22m[1m[22m[2m │ gzip:   0.25 kB[22m
[90m│[39m  [43mVite[49m
[90m│[39m  [2m../../../../../var/folders/jx/t7384c913ls0p87bf4drpd1r0000gn/T/chromatic--74383-7VfDTiGTvxuP/[22m[2massets/[22m[36mloader-circle-9s0j7zlC.js[39m[1m[2m[22m
[90m│[39m  [2m0.32 kB[22m[1m[22m[2m │ gzip:   0.26 kB[22m
[90m│[39m  [43mVite[49m
[90m│[39m  [2m../../../../../var/folders/jx/t7384c913ls0p87bf4drpd1r0000gn/T/chromatic--74383-7VfDTiGTvxuP/[22m[2massets/[22m[36mx-BUNbKN2l.js[39m[1m[2m[22m
[90m│[39m  [2m0.34 kB[22m[1m[22m[2m │ gzip:   0.26 kB[22m
[90m│[39m  [43mVite[49m
[90m│[39m  [2m../../../../../var/folders/jx/t7384c913ls0p87bf4drpd1r0000gn/T/chromatic--74383-7VfDTiGTvxuP/[22m[2massets/[22m[36mclock-BiQbvZTd.js[39m[1m[2m[22m
[90m│[39m  [2m0.36 kB[22m[1m[22m[2m │ gzip:   0.28 kB[22m
[90m│[39m  [43mVite[49m
[90m│[39m  [2m../../../../../var/folders/jx/t7384c913ls0p87bf4drpd1r0000gn/T/chromatic--74383-7VfDTiGTvxuP/[22m[2massets/[22m[36mtarget-BLaloDg6.js[39m[1m[2m[22m
[90m│[39m  [2m0.41 kB[22m[1m[22m[2m │ gzip:   0.27 kB[22m
[90m│[39m  [43mVite[49m
[90m│[39m  [2m../../../../../var/folders/jx/t7384c913ls0p87bf4drpd1r0000gn/T/chromatic--74383-7VfDTiGTvxuP/[22m[2massets/[22m[36mcopy-CS5jEO8Q.js[39m[1m[2m[22m
[90m│[39m  [2m0.42 kB[22m[1m[22m[2m │ gzip:   0.32 kB[22m
[90m│[39m  [43mVite[49m
[90m│[39m  [2m../../../../../var/folders/jx/t7384c913ls0p87bf4drpd1r0000gn/T/chromatic--74383-7VfDTiGTvxuP/[22m[2massets/[22m[36mactivity-BmUsYzLS.js[39m[1m[2m[22m
[90m│[39m  [2m0.42 kB[22m[1m[22m[2m │ gzip:   0.31 kB[22m
[90m│[39m  [43mVite[49m
[90m│[39m  [2m../../../../../var/folders/jx/t7384c913ls0p87bf4drpd1r0000gn/T/chromatic--74383-7VfDTiGTvxuP/[22m[2massets/[22m[36mhistory-CzizMBuJ.js[39m[1m[2m[22m
[90m│[39m  [2m0.42 kB[22m[1m[22m[2m │ gzip:   0.31 kB[22m
[90m│[39m  [43mVite[49m
[90m│[39m  [2m../../../../../var/folders/jx/t7384c913ls0p87bf4drpd1r0000gn/T/chromatic--74383-7VfDTiGTvxuP/[22m[2massets/[22m[36mcamera-Cdvwj4GM.js[39m[1m[2m[22m
[90m│[39m  [2m0.43 kB[22m[1m[22m[2m │ gzip:   0.32 kB[22m
[90m│[39m  [43mVite[49m
[90m│[39m  [2m../../../../../var/folders/jx/t7384c913ls0p87bf4drpd1r0000gn/T/chromatic--74383-7VfDTiGTvxuP/[22m[2massets/[22m[36meye-DnCIUYtw.js[39m[1m[2m[22m
[90m│[39m  [2m0.44 kB[22m[1m[22m[2m │ gzip:   0.31 kB[22m
[90m│[39m  [43mVite[49m
[90m│[39m  [2m../../../../../var/folders/jx/t7384c913ls0p87bf4drpd1r0000gn/T/chromatic--74383-7VfDTiGTvxuP/[22m[2massets/[22m[36mmap-pin-pAZt3uuk.js[39m[1m[2m[22m
[90m│[39m  [2m0.44 kB[22m[1m[22m[2m │ gzip:   0.33 kB[22m
[90m│[39m  [43mVite[49m
[90m│[39m  [2m../../../../../var/folders/jx/t7384c913ls0p87bf4drpd1r0000gn/T/chromatic--74383-7VfDTiGTvxuP/[22m[2massets/[22m[36mzap-DKh6Jp-a.js[39m[1m[2m[22m
[90m│[39m  [2m0.45 kB[22m[1m[22m[2m │ gzip:   0.32 kB[22m
[90m│[39m  [43mVite[49m
[90m│[39m  [2m../../../../../var/folders/jx/t7384c913ls0p87bf4drpd1r0000gn/T/chromatic--74383-7VfDTiGTvxuP/[22m[2massets/[22m[36mindex-DKfBUCHx.js[39m[1m[2m[22m
[90m│[39m  [2m0.46 kB[22m[1m[22m[2m │ gzip:   0.30 kB[22m
[90m│[39m  [43mVite[49m
[90m│[39m  [2m../../../../../var/folders/jx/t7384c913ls0p87bf4drpd1r0000gn/T/chromatic--74383-7VfDTiGTvxuP/[22m[2massets/[22m[36mscan-s74vF18o.js[39m[1m[2m[22m
[90m│[39m  [2m0.47 kB[22m[1m[22m[2m │ gzip:   0.31 kB[22m
[90m│[39m  [43mVite[49m
[90m│[39m  [2m../../../../../var/folders/jx/t7384c913ls0p87bf4drpd1r0000gn/T/chromatic--74383-7VfDTiGTvxuP/[22m[2massets/[22m[36mplane-D9g0jePi.js[39m[1m[2m[22m
[90m│[39m  [2m0.49 kB[22m[1m[22m[2m │ gzip:   0.36 kB[22m
[90m│[39m  [43mVite[49m
[90m│[39m  [2m../../../../../var/folders/jx/t7384c913ls0p87bf4drpd1r0000gn/T/chromatic--74383-7VfDTiGTvxuP/[22m[2massets/[22m[36msatellite-CqUosJAw.js[39m[1m[2m[22m
[90m│[39m  [2m0.49 kB[22m[1m[22m[2m │ gzip:   0.33 kB[22m
[90m│[39m  [43mVite[49m
[90m│[39m  [2m../../../../../var/folders/jx/t7384c913ls0p87bf4drpd1r0000gn/T/chromatic--74383-7VfDTiGTvxuP/[22m[2massets/[22m[36mcrosshair-ChPsxqSM.js[39m[1m[2m[22m
[90m│[39m  [2m0.54 kB[22m[1m[22m[2m │ gzip:   0.33 kB[22m
[90m│[39m  [43mVite[49m
[90m│[39m  [2m../../../../../var/folders/jx/t7384c913ls0p87bf4drpd1r0000gn/T/chromatic--74383-7VfDTiGTvxuP/[22m[2massets/[22m[36mradio-BLf8ekrZ.js[39m[1m[2m[22m
[90m│[39m  [2m0.55 kB[22m[1m[22m[2m │ gzip:   0.36 kB[22m
[90m│[39m  [43mVite[49m
[90m│[39m  [2m../../../../../var/folders/jx/t7384c913ls0p87bf4drpd1r0000gn/T/chromatic--74383-7VfDTiGTvxuP/[22m[2massets/[22m[36mtokens-C46rNB1z.js[39m[1m[2m[22m
[90m│[39m  [2m0.59 kB[22m[1m[22m[2m │ gzip:   0.34 kB[22m
[90m│[39m  [43mVite[49m
[90m│[39m  [2m../../../../../var/folders/jx/t7384c913ls0p87bf4drpd1r0000gn/T/chromatic--74383-7VfDTiGTvxuP/[22m[2massets/[22m[36mrocket-B2Z36iVr.js[39m[1m[2m[22m
[90m│[39m  [2m0.64 kB[22m[1m[22m[2m │ gzip:   0.42 kB[22m
[90m│[39m  [43mVite[49m
[90m│[39m  [2m../../../../../var/folders/jx/t7384c913ls0p87bf4drpd1r0000gn/T/chromatic--74383-7VfDTiGTvxuP/[22m[2massets/[22m[36mplay-Bw9gtguC.js[39m[1m[2m[22m
[90m│[39m  [2m0.65 kB[22m[1m[22m[2m │ gzip:   0.33 kB[22m
[90m│[39m  [43mVite[49m
[90m│[39m  [2m../../../../../var/folders/jx/t7384c913ls0p87bf4drpd1r0000gn/T/chromatic--74383-7VfDTiGTvxuP/[22m[2massets/[22m[36mTelemetryRow-DJA3NZMe.js[39m[1m[2m[22m
[90m│[39m  [2m0.80 kB[22m[1m[22m[2m │ gzip:   0.43 kB[22m
[90m│[39m  [43mVite[49m
[90m│[39m  [2m../../../../../var/folders/jx/t7384c913ls0p87bf4drpd1r0000gn/T/chromatic--74383-7VfDTiGTvxuP/[22m[2massets/[22m[36mruler-EqSfHbfR.js[39m[1m[2m[22m
[90m│[39m  [2m0.84 kB[22m[1m[22m[2m │ gzip:   0.41 kB[22m
[90m│[39m  [43mVite[49m
[90m│[39m  [2m../../../../../var/folders/jx/t7384c913ls0p87bf4drpd1r0000gn/T/chromatic--74383-7VfDTiGTvxuP/[22m[2massets/[22m[36mreact-18-Rj9Taiv7.js[39m[1m[2m[22m
[90m│[39m  [2m0.90 kB[22m[1m[22m[2m │ gzip:   0.51 kB[22m
[90m│[39m  [43mVite[49m
[90m│[39m  [2m../../../../../var/folders/jx/t7384c913ls0p87bf4drpd1r0000gn/T/chromatic--74383-7VfDTiGTvxuP/[22m[2massets/[22m[36mtriangle-alert-DIgA4gb1.js[39m[1m[2m[22m
[90m│[39m  [2m0.93 kB[22m[1m[22m[2m │ gzip:   0.47 kB[22m
[90m│[39m  [43mVite[49m
[90m│[39m  [2m../../../../../var/folders/jx/t7384c913ls0p87bf4drpd1r0000gn/T/chromatic--74383-7VfDTiGTvxuP/[22m[2massets/[22m[36mStatusChip-xkr8ksWe.js[39m[1m[2m[22m
[90m│[39m  [2m1.02 kB[22m[1m[22m[2m │ gzip:   0.53 kB[22m
[90m│[39m  [43mVite[49m
[90m│[39m  [2m../../../../../var/folders/jx/t7384c913ls0p87bf4drpd1r0000gn/T/chromatic--74383-7VfDTiGTvxuP/[22m[2massets/[22m[36mMissionPhaseChip-D0ojGOjx.js[39m[1m[2m[22m
[90m│[39m  [2m1.02 kB[22m[1m[22m[2m │ gzip:   0.59 kB[22m
[90m│[39m  [43mVite[49m
[90m│[39m  [2m../../../../../var/folders/jx/t7384c913ls0p87bf4drpd1r0000gn/T/chromatic--74383-7VfDTiGTvxuP/[22m[2massets/[22m[36mship-rZiJZHnY.js[39m[1m[2m[22m
[90m│[39m  [2m1.12 kB[22m[1m[22m[2m │ gzip:   0.50 kB[22m
[90m│[39m  [43mVite[49m
[90m│[39m  [2m../../../../../var/folders/jx/t7384c913ls0p87bf4drpd1r0000gn/T/chromatic--74383-7VfDTiGTvxuP/[22m[2massets/[22m[36msliders-horizontal-EP54yGBn.js[39m[1m[2m[22m
[90m│[39m  [2m1.14 kB[22m[1m[22m[2m │ gzip:   0.48 kB[22m
[90m│[39m  [43mVite[49m
[90m│[39m  [2m../../../../../var/folders/jx/t7384c913ls0p87bf4drpd1r0000gn/T/chromatic--74383-7VfDTiGTvxuP/[22m[2massets/[22m[36mDocsRenderer-LL677BLK-BF0gTbSf.js[39m[1m[2m[22m
[90m│[39m  [2m1.26 kB[22m[1m[22m[2m │ gzip:   0.68 kB[22m
[90m│[39m  [43mVite[49m
[90m│[39m  [2m../../../../../var/folders/jx/t7384c913ls0p87bf4drpd1r0000gn/T/chromatic--74383-7VfDTiGTvxuP/[22m[2massets/[22m[36mpreload-helper-Dp1pzeXC.js[39m[1m[2m[22m
[90m│[39m  [2m1.27 kB[22m[1m[22m[2m │ gzip:   0.73 kB[22m
[90m│[39m  [43mVite[49m
[90m│[39m  [2m../../../../../var/folders/jx/t7384c913ls0p87bf4drpd1r0000gn/T/chromatic--74383-7VfDTiGTvxuP/[22m[2massets/[22m[36mMissionPhaseChip.stories-76aFJXyZ.js[39m[1m[2m[22m
[90m│[39m  [2m1.40 kB[22m[1m[22m[2m │ gzip:   0.61 kB[22m
[90m│[39m  [43mVite[49m
[90m│[39m  [2m../../../../../var/folders/jx/t7384c913ls0p87bf4drpd1r0000gn/T/chromatic--74383-7VfDTiGTvxuP/[22m[2massets/[22m[36mroute-i-7KZhiv.js[39m[1m[2m[22m
[90m│[39m  [2m1.68 kB[22m[1m[22m[2m │ gzip:   0.61 kB[22m
[90m│[39m  [43mVite[49m
[90m│[39m  [2m../../../../../var/folders/jx/t7384c913ls0p87bf4drpd1r0000gn/T/chromatic--74383-7VfDTiGTvxuP/[22m[2massets/[22m[36mCardLog-CDORUL-A.js[39m[1m[2m[22m
[90m│[39m  [2m1.73 kB[22m[1m[22m[2m │ gzip:   0.86 kB[22m
[90m│[39m  [43mVite[49m
[90m│[39m  [2m../../../../../var/folders/jx/t7384c913ls0p87bf4drpd1r0000gn/T/chromatic--74383-7VfDTiGTvxuP/[22m[2massets/[22m[36mcreateLucideIcon-Dwk5sGYr.js[39m[1m[2m[22m
[90m│[39m  [2m1.74 kB[22m[1m[22m[2m │ gzip:   0.73 kB[22m
[90m│[39m  [43mVite[49m
[90m│[39m  [2m../../../../../var/folders/jx/t7384c913ls0p87bf4drpd1r0000gn/T/chromatic--74383-7VfDTiGTvxuP/[22m[2massets/[22m[36mStatusChip.stories-BaNNGd5U.js[39m[1m[2m[22m
[90m│[39m  [2m1.88 kB[22m[1m[22m[2m │ gzip:   0.88 kB[22m
[90m│[39m  [43mVite[49m
[90m│[39m  [2m../../../../../var/folders/jx/t7384c913ls0p87bf4drpd1r0000gn/T/chromatic--74383-7VfDTiGTvxuP/[22m[2massets/[22m[36mCardDetails-CSJs5z2C.js[39m[1m[2m[22m
[90m│[39m  [2m2.04 kB[22m[1m[22m[2m │ gzip:   1.00 kB[22m
[90m│[39m  [43mVite[49m
[90m│[39m  [2m../../../../../var/folders/jx/t7384c913ls0p87bf4drpd1r0000gn/T/chromatic--74383-7VfDTiGTvxuP/[22m[2massets/[22m[36mCollapsibleGroup-CDcRpLqg.js[39m[1m[2m[22m
[90m│[39m  [2m2.06 kB[22m[1m[22m[2m │ gzip:   0.93 kB[22m
[90m│[39m  [43mVite[49m
[90m│[39m  [2m../../../../../var/folders/jx/t7384c913ls0p87bf4drpd1r0000gn/T/chromatic--74383-7VfDTiGTvxuP/[22m[2massets/[22m[36mTelemetryRow.stories-dYN7eUnU.js[39m[1m[2m[22m
[90m│[39m  [2m2.19 kB[22m[1m[22m[2m │ gzip:   0.94 kB[22m
[90m│[39m  [43mVite[49m
[90m│[39m  [2m../../../../../var/folders/jx/t7384c913ls0p87bf4drpd1r0000gn/T/chromatic--74383-7VfDTiGTvxuP/[22m[2massets/[22m[36mAccordionSection-SVCGa63R.js[39m[1m[2m[22m
[90m│[39m  [2m2.36 kB[22m[1m[22m[2m │ gzip:   1.04 kB[22m
[90m│[39m  [43mVite[49m
[90m│[39m  [2m../../../../../var/folders/jx/t7384c913ls0p87bf4drpd1r0000gn/T/chromatic--74383-7VfDTiGTvxuP/[22m[2massets/[22m[36mCardHeader-CeekGH1j.js[39m[1m[2m[22m
[90m│[39m  [2m2.40 kB[22m[1m[22m[2m │ gzip:   0.94 kB[22m
[90m│[39m  [43mVite[49m
[90m│[39m  [2m../../../../../var/folders/jx/t7384c913ls0p87bf4drpd1r0000gn/T/chromatic--74383-7VfDTiGTvxuP/[22m[2massets/[22m[36mCardSensors-vNvbwX2T.js[39m[1m[2m[22m
[90m│[39m  [2m2.52 kB[22m[1m[22m[2m │ gzip:   1.09 kB[22m
[90m│[39m  [43mVite[49m
[90m│[39m  [2m../../../../../var/folders/jx/t7384c913ls0p87bf4drpd1r0000gn/T/chromatic--74383-7VfDTiGTvxuP/[22m[2massets/[22m[36mCardTimeline-B_mj9xz5.js[39m[1m[2m[22m
[90m│[39m  [2m2.62 kB[22m[1m[22m[2m │ gzip:   1.03 kB[22m
[90m│[39m  [43mVite[49m
[90m│[39m  [2m../../../../../var/folders/jx/t7384c913ls0p87bf4drpd1r0000gn/T/chromatic--74383-7VfDTiGTvxuP/[22m[2massets/[22m[36mActionButton-CITkH6uw.js[39m[1m[2m[22m
[90m│[39m  [2m2.75 kB[22m[1m[22m[2m │ gzip:   1.11 kB[22m
[90m│[39m  [43mVite[49m
[90m│[39m  [2m../../../../../var/folders/jx/t7384c913ls0p87bf4drpd1r0000gn/T/chromatic--74383-7VfDTiGTvxuP/[22m[2massets/[22m[36mTargetCard-B_3Hdk2g.js[39m[1m[2m[22m
[90m│[39m  [2m2.77 kB[22m[1m[22m[2m │ gzip:   1.21 kB[22m
[90m│[39m  [43mVite[49m
[90m│[39m  [2m../../../../../var/folders/jx/t7384c913ls0p87bf4drpd1r0000gn/T/chromatic--74383-7VfDTiGTvxuP/[22m[2massets/[22m[36mCardSensors.stories-DRTOiFmx.js[39m[1m[2m[22m
[90m│[39m  [2m3.02 kB[22m[1m[22m[2m │ gzip:   1.16 kB[22m
[90m│[39m  [43mVite[49m
[90m│[39m  [2m../../../../../var/folders/jx/t7384c913ls0p87bf4drpd1r0000gn/T/chromatic--74383-7VfDTiGTvxuP/[22m[2massets/[22m[36mCardActions-BaKYan7c.js[39m[1m[2m[22m
[90m│[39m  [2m3.33 kB[22m[1m[22m[2m │ gzip:   1.24 kB[22m
[90m│[39m  [43mVite[49m
[90m│[39m  [2m../../../../../var/folders/jx/t7384c913ls0p87bf4drpd1r0000gn/T/chromatic--74383-7VfDTiGTvxuP/[22m[2massets/[22m[36mMissionTimeline.stories-CXlou54a.js[39m[1m[2m[22m
[90m│[39m  [2m3.43 kB[22m[1m[22m[2m │ gzip:   1.43 kB[22m
[90m│[39m  [43mVite[49m
[90m│[39m  [2m../../../../../var/folders/jx/t7384c913ls0p87bf4drpd1r0000gn/T/chromatic--74383-7VfDTiGTvxuP/[22m[2massets/[22m[36mActionButton.stories-CKFYwsmD.js[39m[1m[2m[22m
[90m│[39m  [2m3.52 kB[22m[1m[22m[2m │ gzip:   1.29 kB[22m
[90m│[39m  [43mVite[49m
[90m│[39m  [2m../../../../../var/folders/jx/t7384c913ls0p87bf4drpd1r0000gn/T/chromatic--74383-7VfDTiGTvxuP/[22m[2massets/[22m[36mOverview-Cfc_lRju.js[39m[1m[2m[22m
[90m│[39m  [2m3.53 kB[22m[1m[22m[2m │ gzip:   1.42 kB[22m
[90m│[39m  [43mVite[49m
[90m│[39m  [2m../../../../../var/folders/jx/t7384c913ls0p87bf4drpd1r0000gn/T/chromatic--74383-7VfDTiGTvxuP/[22m[2massets/[22m[36mDesignTokens-VOSQjuMY.js[39m[1m[2m[22m
[90m│[39m  [2m3.62 kB[22m[1m[22m[2m │ gzip:   1.37 kB[22m
[90m│[39m  [43mVite[49m
[90m│[39m  [2m../../../../../var/folders/jx/t7384c913ls0p87bf4drpd1r0000gn/T/chromatic--74383-7VfDTiGTvxuP/[22m[2massets/[22m[36mCardHeader.stories-CyYCzDhJ.js[39m[1m[2m[22m
[90m│[39m  [2m3.72 kB[22m[1m[22m[2m │ gzip:   1.45 kB[22m
[90m│[39m  [43mVite[49m
[90m│[39m  [2m../../../../../var/folders/jx/t7384c913ls0p87bf4drpd1r0000gn/T/chromatic--74383-7VfDTiGTvxuP/[22m[2massets/[22m[36mFilterBar.stories-D0KTOzLe.js[39m[1m[2m[22m
[90m│[39m  [2m3.75 kB[22m[1m[22m[2m │ gzip:   1.55 kB[22m
[90m│[39m  [43mVite[49m
[90m│[39m  [2m../../../../../var/folders/jx/t7384c913ls0p87bf4drpd1r0000gn/T/chromatic--74383-7VfDTiGTvxuP/[22m[2massets/[22m[36mindex-CRGz2Gym.js[39m[1m[2m[22m
[90m│[39m  [2m3.90 kB[22m[1m[22m[2m │ gzip:   1.84 kB[22m
[90m│[39m  [43mVite[49m
[90m│[39m  [2m../../../../../var/folders/jx/t7384c913ls0p87bf4drpd1r0000gn/T/chromatic--74383-7VfDTiGTvxuP/[22m[2massets/[22m[36mCardLog.stories-BBAY5Upk.js[39m[1m[2m[22m
[90m│[39m  [2m4.07 kB[22m[1m[22m[2m │ gzip:   1.42 kB[22m
[90m│[39m  [43mVite[49m
[90m│[39m  [2m../../../../../var/folders/jx/t7384c913ls0p87bf4drpd1r0000gn/T/chromatic--74383-7VfDTiGTvxuP/[22m[2massets/[22m[36mCardClosure.stories-CY3xCnlw.js[39m[1m[2m[22m
[90m│[39m  [2m4.33 kB[22m[1m[22m[2m │ gzip:   1.67 kB[22m
[90m│[39m  [43mVite[49m
[90m│[39m  [2m../../../../../var/folders/jx/t7384c913ls0p87bf4drpd1r0000gn/T/chromatic--74383-7VfDTiGTvxuP/[22m[2massets/[22m[36mCardDetails.stories-BI1Ax2q_.js[39m[1m[2m[22m
[90m│[39m  [2m4.38 kB[22m[1m[22m[2m │ gzip:   1.36 kB[22m
[90m│[39m  [43mVite[49m
[90m│[39m  [2m../../../../../var/folders/jx/t7384c913ls0p87bf4drpd1r0000gn/T/chromatic--74383-7VfDTiGTvxuP/[22m[2massets/[22m[36mCardMedia.stories-DZajBg7n.js[39m[1m[2m[22m
[90m│[39m  [2m4.44 kB[22m[1m[22m[2m │ gzip:   1.44 kB[22m
[90m│[39m  [43mVite[49m
[90m│[39m  [2m../../../../../var/folders/jx/t7384c913ls0p87bf4drpd1r0000gn/T/chromatic--74383-7VfDTiGTvxuP/[22m[2massets/[22m[36mCardTimeline.stories-oQ9YKVFa.js[39m[1m[2m[22m
[90m│[39m  [2m4.66 kB[22m[1m[22m[2m │ gzip:   1.46 kB[22m
[90m│[39m  [43mVite[49m
[90m│[39m  [2m../../../../../var/folders/jx/t7384c913ls0p87bf4drpd1r0000gn/T/chromatic--74383-7VfDTiGTvxuP/[22m[2massets/[22m[36mMissionTimeline-D5bJ-m2N.js[39m[1m[2m[22m
[90m│[39m  [2m4.75 kB[22m[1m[22m[2m │ gzip:   1.75 kB[22m
[90m│[39m  [43mVite[49m
[90m│[39m  [2m../../../../../var/folders/jx/t7384c913ls0p87bf4drpd1r0000gn/T/chromatic--74383-7VfDTiGTvxuP/[22m[2massets/[22m[36mCollapsibleGroup.stories-t8hmVdvE.js[39m[1m[2m[22m
[90m│[39m  [2m5.30 kB[22m[1m[22m[2m │ gzip:   1.62 kB[22m
[90m│[39m  [43mVite[49m
[90m│[39m  [2m../../../../../var/folders/jx/t7384c913ls0p87bf4drpd1r0000gn/T/chromatic--74383-7VfDTiGTvxuP/[22m[2massets/[22m[36mmockDetections-7251u_Rt.js[39m[1m[2m[22m
[90m│[39m  [2m5.81 kB[22m[1m[22m[2m │ gzip:   1.89 kB[22m
[90m│[39m  [43mVite[49m
[90m│[39m  [2m../../../../../var/folders/jx/t7384c913ls0p87bf4drpd1r0000gn/T/chromatic--74383-7VfDTiGTvxuP/[22m[2massets/[22m[36mCardMedia-Ba3f1602.js[39m[1m[2m[22m
[90m│[39m  [2m7.15 kB[22m[1m[22m[2m │ gzip:   2.51 kB[22m
[90m│[39m  [43mVite[49m
[90m│[39m  [2m../../../../../var/folders/jx/t7384c913ls0p87bf4drpd1r0000gn/T/chromatic--74383-7VfDTiGTvxuP/[22m[2massets/[22m[36mFlows-BAF3GVL_.js[39m[1m[2m[22m
[90m│[39m  [2m7.25 kB[22m[1m[22m[2m │ gzip:   2.03 kB[22m
[90m│[39m  [43mVite[49m
[90m│[39m  [2m../../../../../var/folders/jx/t7384c913ls0p87bf4drpd1r0000gn/T/chromatic--74383-7VfDTiGTvxuP/[22m[2massets/[22m[36mStackedCard.stories-lpZkUQMz.js[39m[1m[2m[22m
[90m│[39m  [2m7.33 kB[22m[1m[22m[2m │ gzip:   2.73 kB[22m
[90m│[39m  [43mVite[49m
[90m│[39m  [2m../../../../../var/folders/jx/t7384c913ls0p87bf4drpd1r0000gn/T/chromatic--74383-7VfDTiGTvxuP/[22m[2massets/[22m[36mTacticalMap.stories-DYRULw4K.js[39m[1m[2m[22m
[90m│[39m  [2m7.39 kB[22m[1m[22m[2m │ gzip:   2.11 kB[22m
[90m│[39m  [43mVite[49m
[90m│[39m  [2m../../../../../var/folders/jx/t7384c913ls0p87bf4drpd1r0000gn/T/chromatic--74383-7VfDTiGTvxuP/[22m[2massets/[22m[36mTargetCard.stories-DGXhLm0y.js[39m[1m[2m[22m
[90m│[39m  [2m7.48 kB[22m[1m[22m[2m │ gzip:   2.17 kB[22m
[90m│[39m  [43mVite[49m
[90m│[39m  [2m../../../../../var/folders/jx/t7384c913ls0p87bf4drpd1r0000gn/T/chromatic--74383-7VfDTiGTvxuP/[22m[2massets/[22m[36mAccordionSection.stories-C41s-bGc.js[39m[1m[2m[22m
[90m│[39m  [2m9.07 kB[22m[1m[22m[2m │ gzip:   1.93 kB[22m
[90m│[39m  [43mVite[49m
[90m│[39m  [2m../../../../../var/folders/jx/t7384c913ls0p87bf4drpd1r0000gn/T/chromatic--74383-7VfDTiGTvxuP/[22m[2massets/[22m[36mListOfSystems-CcxR3yFI.js[39m[1m[2m[22m
[90m│[39m  [2m9.71 kB[22m[1m[22m[2m │ gzip:   3.46 kB[22m
[90m│[39m  [43mVite[49m
[90m│[39m  [2m../../../../../var/folders/jx/t7384c913ls0p87bf4drpd1r0000gn/T/chromatic--74383-7VfDTiGTvxuP/[22m[2massets/[22m[36mPlayground.stories-bb_trP6O.js[39m[1m[2m[22m
[90m│[39m  [2m10.14 kB[22m[1m[22m[2m │ gzip:   3.71 kB[22m
[90m│[39m  [43mVite[49m
[90m│[39m  [2m../../../../../var/folders/jx/t7384c913ls0p87bf4drpd1r0000gn/T/chromatic--74383-7VfDTiGTvxuP/[22m[2massets/[22m[36mComposedCard.stories-Dzyf-jpP.js[39m[1m[2m[22m
[90m│[39m  [2m10.80 kB[22m[1m[22m[2m │ gzip:   3.29 kB[22m
[90m│[39m  [43mVite[49m
[90m│[39m  [2m../../../../../var/folders/jx/t7384c913ls0p87bf4drpd1r0000gn/T/chromatic--74383-7VfDTiGTvxuP/[22m[2massets/[22m[36mCUAS.stories-BdhN6bjx.js[39m[1m[2m[22m
[90m│[39m  [2m11.04 kB[22m[1m[22m[2m │ gzip:   3.26 kB[22m
[90m│[39m  [43mVite[49m
[90m│[39m  [2m../../../../../var/folders/jx/t7384c913ls0p87bf4drpd1r0000gn/T/chromatic--74383-7VfDTiGTvxuP/[22m[2massets/[22m[36mCardActions.stories-Hb42dk18.js[39m[1m[2m[22m
[90m│[39m  [2m12.02 kB[22m[1m[22m[2m │ gzip:   2.41 kB[22m
[90m│[39m  [43mVite[49m
[90m│[39m  [2m../../../../../var/folders/jx/t7384c913ls0p87bf4drpd1r0000gn/T/chromatic--74383-7VfDTiGTvxuP/[22m[2massets/[22m[36museCardSlots-CijanJGT.js[39m[1m[2m[22m
[90m│[39m  [2m14.65 kB[22m[1m[22m[2m │ gzip:   4.47 kB[22m
[90m│[39m  [43mVite[49m
[90m│[39m  [2m../../../../../var/folders/jx/t7384c913ls0p87bf4drpd1r0000gn/T/chromatic--74383-7VfDTiGTvxuP/[22m[2massets/[22m[36mCombination-CGFnkTL0.js[39m[1m[2m[22m
[90m│[39m  [2m16.94 kB[22m[1m[22m[2m │ gzip:   6.50 kB[22m
[90m│[39m  [43mVite[49m
[90m│[39m  [2m../../../../../var/folders/jx/t7384c913ls0p87bf4drpd1r0000gn/T/chromatic--74383-7VfDTiGTvxuP/[22m[2massets/[22m[36mIcons.stories-DEZjk4VH.js[39m[1m[2m[22m
[90m│[39m  [2m16.98 kB[22m[1m[22m[2m │ gzip:   4.73 kB[22m
[90m│[39m  [43mVite[49m
[90m│[39m  [2m../../../../../var/folders/jx/t7384c913ls0p87bf4drpd1r0000gn/T/chromatic--74383-7VfDTiGTvxuP/[22m[2massets/[22m[36mFilterBar-CQ8giEoz.js[39m[1m[2m[22m
[90m│[39m  [2m19.59 kB[22m[1m[22m[2m │ gzip:   5.96 kB[22m
[90m│[39m  [43mVite[49m
[90m│[39m  [2m../../../../../var/folders/jx/t7384c913ls0p87bf4drpd1r0000gn/T/chromatic--74383-7VfDTiGTvxuP/[22m[36mvite-inject-mocker-entry.js[39m[1m[2m[22m
[90m│[39m  [2m28.53 kB[22m[1m[22m[2m │ gzip:   9.94 kB[22m
[90m│[39m  [43mVite[49m
[90m│[39m  [2m../../../../../var/folders/jx/t7384c913ls0p87bf4drpd1r0000gn/T/chromatic--74383-7VfDTiGTvxuP/[22m[2massets/[22m[36mmatchers-5TDFFDYO-BEZorklP.js[39m[1m[2m[22m
[90m│[39m  [2m29.38 kB[22m[1m[22m[2m │ gzip:  10.07 kB[22m
[90m│[39m  [43mVite[49m
[90m│[39m  [2m../../../../../var/folders/jx/t7384c913ls0p87bf4drpd1r0000gn/T/chromatic--74383-7VfDTiGTvxuP/[22m[2massets/[22m[36mColor-6BZIO3FS-2osP0jw2.js[39m[1m[2m[22m
[90m│[39m  [2m30.13 kB[22m[1m[22m[2m │ gzip:  11.38 kB[22m
[90m│[39m  [43mVite[49m
[90m│[39m  [2m../../../../../var/folders/jx/t7384c913ls0p87bf4drpd1r0000gn/T/chromatic--74383-7VfDTiGTvxuP/[22m[2massets/[22m[36mWithTooltip-65CFNBJE-BXx8pUzb.js[39m[1m[2m[22m
[90m│[39m  [2m33.13 kB[22m[1m[22m[2m │ gzip:  11.63 kB[22m
[90m│[39m  [43mVite[49m
[90m│[39m  [2m../../../../../var/folders/jx/t7384c913ls0p87bf4drpd1r0000gn/T/chromatic--74383-7VfDTiGTvxuP/[22m[2massets/[22m[36msyntaxhighlighter-ED5Y7EFY-CFerijkC.js[39m[1m[2m[22m
[90m│[39m  [2m78.01 kB[22m[1m[22m[2m │ gzip:  27.31 kB[22m
[90m│[39m  [43mVite[49m
[90m│[39m  [2m../../../../../var/folders/jx/t7384c913ls0p87bf4drpd1r0000gn/T/chromatic--74383-7VfDTiGTvxuP/[22m[2massets/[22m[36mTacticalMap-C_7120mr.js[39m[1m[2m[22m
[90m│[39m  [2m101.67 kB[22m[1m[22m[2m │ gzip:  29.54 kB[22m
[90m│[39m  [43mVite[49m
[90m│[39m  [2m../../../../../var/folders/jx/t7384c913ls0p87bf4drpd1r0000gn/T/chromatic--74383-7VfDTiGTvxuP/[22m[2massets/[22m[36muse-reduced-motion-zUpxwX3C.js[39m[1m[2m[22m
[90m│[39m  [2m120.38 kB[22m[1m[22m[2m │ gzip:  39.49 kB[22m
[90m│[39m  [43mVite[49m
[90m│[39m  [2m../../../../../var/folders/jx/t7384c913ls0p87bf4drpd1r0000gn/T/chromatic--74383-7VfDTiGTvxuP/[22m[2massets/[22m[36maxe-DG8n-PHN.js[39m[1m[33m[39m
[90m│[39m  [33m580.46 kB[39m[22m[2m │ gzip: 159.94 kB[22m
[90m│[39m  [43mVite[49m
[90m│[39m  [2m../../../../../var/folders/jx/t7384c913ls0p87bf4drpd1r0000gn/T/chromatic--74383-7VfDTiGTvxuP/[22m[2massets/[22m[36mblocks-DQmC0d7y.js[39m[1m[33m[39m
[90m│[39m  [33m812.42 kB[39m[22m[2m │ gzip: 259.60 kB[22m
[90m│[39m  [43mVite[49m
[90m│[39m  [2m../../../../../var/folders/jx/t7384c913ls0p87bf4drpd1r0000gn/T/chromatic--74383-7VfDTiGTvxuP/[22m[2massets/[22m[36mmapbox-gl-CsI9FqKy.js[39m[1m[33m[39m
[90m│[39m  [33m987.93 kB[39m[22m[2m │ gzip: 276.08 kB[22m
[90m│[39m  [43mVite[49m
[90m│[39m  [2m../../../../../var/folders/jx/t7384c913ls0p87bf4drpd1r0000gn/T/chromatic--74383-7VfDTiGTvxuP/[22m[2massets/[22m[36miframe-DxZzaEwC.js[39m
[90m│[39m  [36m[39m[1m[33m1,354.49 kB[39m[22m[2m │ gzip: 396.88 kB[22m
[90m│[39m
[33m▲[39m  [43mVite[49m[33m
[90m│[39m  (!) Some chunks are larger than 500 kB after minification. Consider:
[90m│[39m  - Using dynamic import() to code-split the application
[90m│[39m  - Use build.rollupOptions.output.manualChunks to improve chunking:
[90m│[39m  ]8;;https://rollupjs.org/configuration-options/#output-manualchunkshttps://rollupjs.org/configuration-options/#output-manualchunks]8;;
[90m│[39m  - Adjust chunk size limit for this warning via
[90m│[39m  build.chunkSizeWarningLimit.[39m
[90m│[39m  [43mVite[49m [32m✓ built in 5.60s[39m
[90m│[39m
[32m◇[39m  Output directory:
[90m│[39m  /var/folders/jx/t7384c913ls0p87bf4drpd1r0000gn/T/chromatic--74383-7VfDTiGTvxuP
[90m│[39m
[90m└[39m  Storybook build completed successfully

